Using pre-set license
Built from '2020.3/staging' branch; Version is '2020.3.47f1 (5ef4f5b5e2d4) revision 6223093'; Using compiler version '192528614'; Build Type 'Release'
OS: 'Windows 10  (10.0.19045) 64bit Core' Language: 'tr' Physical Memory: 16320 MB
BatchMode: 1, IsHumanControllingUs: 0, StartBugReporterOnCrash: 0, Is64bit: 1, IsPro: 0

COMMAND LINE ARGUMENTS:
C:\Program Files\Unity\Hub\Editor\2020.3.47f1\Editor\Unity.exe
-adb2
-batchMode
-noUpm
-name
AssetImportWorker0
-projectPath
C:/Users/uyurucar/Documents/unityprj/ProjectCore2URP
-logFile
Logs/AssetImportWorker0.log
-srvPort
62035
Successfully changed project path to: C:/Users/uyurucar/Documents/unityprj/ProjectCore2URP
C:/Users/uyurucar/Documents/unityprj/ProjectCore2URP
Using Asset Import Pipeline V2.
Player connection [9100] Host "[IP] 192.168.1.117 [Port] 3221443168 [Flags] 2 [Guid] 174965303 [EditorId] 174965303 [Version] 1048832 [Id] WindowsEditor(7,uyurucar) [Debug] 1 [PackageName] WindowsEditor [ProjectName] Editor" joined multi-casting on [225.0.0.222:54997]...

Player connection [9100] Host "[IP] 192.168.1.117 [Port] 3221443168 [Flags] 2 [Guid] 174965303 [EditorId] 174965303 [Version] 1048832 [Id] WindowsEditor(7,uyurucar) [Debug] 1 [PackageName] WindowsEditor [ProjectName] Editor" joined alternative multi-casting on [225.0.0.222:34997]...

Refreshing native plugins compatible for Editor in 61.38 ms, found 2 plugins.
Preloading 0 native plugins for Editor in 0.00 ms.
Initialize engine version: 2020.3.47f1 (5ef4f5b5e2d4)
[Subsystems] Discovering subsystems at path C:/Program Files/Unity/Hub/Editor/2020.3.47f1/Editor/Data/Resources/UnitySubsystems
[Subsystems] Discovering subsystems at path C:/Users/uyurucar/Documents/unityprj/ProjectCore2URP/Assets
GfxDevice: creating device client; threaded=0
Direct3D:
    Version:  Direct3D 11.0 [level 11.1]
    Renderer: NVIDIA GeForce GTX 1050 Ti (ID=0x1c82)
    Vendor:   
    VRAM:     4017 MB
    Driver:   31.0.15.3161
Initialize mono
Mono path[0] = 'C:/Program Files/Unity/Hub/Editor/2020.3.47f1/Editor/Data/Managed'
Mono path[1] = 'C:/Program Files/Unity/Hub/Editor/2020.3.47f1/Editor/Data/MonoBleedingEdge/lib/mono/unityjit'
Mono config path = 'C:/Program Files/Unity/Hub/Editor/2020.3.47f1/Editor/Data/MonoBleedingEdge/etc'
Using monoOptions --debugger-agent=transport=dt_socket,embedding=1,server=y,suspend=n,address=127.0.0.1:56692
Begin MonoManager ReloadAssembly
Registering precompiled unity dll's ...
Register platform support module: C:/Program Files/Unity/Hub/Editor/2020.3.47f1/Editor/Data/PlaybackEngines/WindowsStandaloneSupport/UnityEditor.WindowsStandalone.Extensions.dll
Registered in 0.002768 seconds.
Native extension for WindowsStandalone target not found
Refreshing native plugins compatible for Editor in 57.02 ms, found 2 plugins.
Preloading 0 native plugins for Editor in 0.00 ms.
Mono: successfully reloaded assembly
- Completed reload, in  0.714 seconds
Domain Reload Profiling:
	ReloadAssembly (714ms)
		BeginReloadAssembly (80ms)
			ExecutionOrderSort (0ms)
			DisableScriptedObjects (0ms)
			BackupInstance (0ms)
			ReleaseScriptingObjects (0ms)
			CreateAndSetChildDomain (1ms)
		EndReloadAssembly (544ms)
			LoadAssemblies (77ms)
			RebuildTransferFunctionScriptingTraits (0ms)
			SetupTypeCache (171ms)
			ReleaseScriptCaches (0ms)
			RebuildScriptCaches (34ms)
			SetupLoadedEditorAssemblies (214ms)
				LogAssemblyErrors (0ms)
				InitializePlatformSupportModulesInManaged (5ms)
				SetLoadedEditorAssemblies (0ms)
				RefreshPlugins (57ms)
				BeforeProcessingInitializeOnLoad (18ms)
				ProcessInitializeOnLoadAttributes (99ms)
				ProcessInitializeOnLoadMethodAttributes (34ms)
				AfterProcessingInitializeOnLoad (0ms)
				EditorAssembliesLoaded (0ms)
			ExecutionOrderSort2 (0ms)
			AwakeInstancesAfterBackupRestoration (0ms)
Platform modules already initialized, skipping
Registering precompiled user dll's ...
Registered in 0.006410 seconds.
Begin MonoManager ReloadAssembly
Native extension for WindowsStandalone target not found
Refreshing native plugins compatible for Editor in 57.84 ms, found 2 plugins.
Preloading 0 native plugins for Editor in 0.00 ms.
Mono: successfully reloaded assembly
- Completed reload, in  1.315 seconds
Domain Reload Profiling:
	ReloadAssembly (1317ms)
		BeginReloadAssembly (177ms)
			ExecutionOrderSort (0ms)
			DisableScriptedObjects (6ms)
			BackupInstance (0ms)
			ReleaseScriptingObjects (0ms)
			CreateAndSetChildDomain (20ms)
		EndReloadAssembly (1062ms)
			LoadAssemblies (125ms)
			RebuildTransferFunctionScriptingTraits (0ms)
			SetupTypeCache (350ms)
			ReleaseScriptCaches (1ms)
			RebuildScriptCaches (56ms)
			SetupLoadedEditorAssemblies (417ms)
				LogAssemblyErrors (0ms)
				InitializePlatformSupportModulesInManaged (4ms)
				SetLoadedEditorAssemblies (0ms)
				RefreshPlugins (58ms)
				BeforeProcessingInitializeOnLoad (102ms)
				ProcessInitializeOnLoadAttributes (232ms)
				ProcessInitializeOnLoadMethodAttributes (11ms)
				AfterProcessingInitializeOnLoad (10ms)
				EditorAssembliesLoaded (0ms)
			ExecutionOrderSort2 (0ms)
			AwakeInstancesAfterBackupRestoration (2ms)
Platform modules already initialized, skipping
========================================================================
Worker process is ready to serve import requests
Launched and connected shader compiler UnityShaderCompiler.exe after 0.05 seconds
Refreshing native plugins compatible for Editor in 0.52 ms, found 2 plugins.
Preloading 0 native plugins for Editor in 0.00 ms.
Unloading 2657 Unused Serialized files (Serialized files now loaded: 0)
System memory in use before: 124.6 MB.
System memory in use after: 124.8 MB.

Unloading 19 unused Assets to reduce memory usage. Loaded Objects now: 3105.
Total: 3.602600 ms (FindLiveObjects: 0.244800 ms CreateObjectMapping: 0.080700 ms MarkObjects: 3.183700 ms  DeleteObjects: 0.092400 ms)

AssetImportParameters requested are different than current active one (requested -> active):
  custom:framework-win-MediaFoundation: 216162199b28c13a410421893ffa2e32 -> 
  custom:video-decoder-ogg-theora: a1e56fd34408186e4bbccfd4996cb3dc -> 
  custom:container-muxer-webm: aa71ff27fc2769a1b78a27578f13a17b -> 
  custom:container-demuxer-webm: 4f35f7cbe854078d1ac9338744f61a02 -> 
  custom:container-demuxer-ogg: 62fdf1f143b41e24485cea50d1cbac27 -> 
  custom:video-encoder-webm-vp8: eb34c28f22e8b96e1ab97ce403110664 -> 
  custom:video-decoder-webm-vp8: 9c59270c3fd7afecdb556c50c9e8de78 -> 
  custom:audio-decoder-ogg-vorbis: bf7c407c2cedff20999df2af8eb42d56 -> 
  custom:audio-encoder-webm-vorbis: bf7c407c2cedff20999df2af8eb42d56 -> 
========================================================================
Received Import Request.
  path: Assets/Audio/FINISH.wav
  artifactKey: Guid(ef9592538f8d0d840899c1b3df34b15d) Importer(815301076,1909f56bfc062723c751e8b465ee728b)
Start importing Assets/Audio/FINISH.wav using Guid(ef9592538f8d0d840899c1b3df34b15d) Importer(815301076,1909f56bfc062723c751e8b465ee728b)  -> (artifact id: 'f7e1b5e3f52f969e1cb24de5e645edd9') in 0.112693 seconds 
========================================================================
Received Import Request.
  Time since last request: 0.000184 seconds.
  path: Assets/Audio/box_sound.ogg
  artifactKey: Guid(6de4cf45a6b180b448f3383cbfd847eb) Importer(815301076,1909f56bfc062723c751e8b465ee728b)
Start importing Assets/Audio/box_sound.ogg using Guid(6de4cf45a6b180b448f3383cbfd847eb) Importer(815301076,1909f56bfc062723c751e8b465ee728b)  -> (artifact id: '354ee9cd94ba4df411cbcc2601fd07ef') in 0.021647 seconds 
========================================================================
Received Import Request.
  Time since last request: 0.000164 seconds.
  path: Assets/Audio/box_added.wav
  artifactKey: Guid(5392d23355eaae240af33a197fd07bb1) Importer(815301076,1909f56bfc062723c751e8b465ee728b)
Start importing Assets/Audio/box_added.wav using Guid(5392d23355eaae240af33a197fd07bb1) Importer(815301076,1909f56bfc062723c751e8b465ee728b)  -> (artifact id: '86f10813e8f73eab4444b70a42c8bc6f') in 0.015587 seconds 
========================================================================
Received Import Request.
  Time since last request: 0.000250 seconds.
  path: Assets/Audio/boing.ogg
  artifactKey: Guid(2ccb25b549393e44aa30d78915852a1e) Importer(815301076,1909f56bfc062723c751e8b465ee728b)
Start importing Assets/Audio/boing.ogg using Guid(2ccb25b549393e44aa30d78915852a1e) Importer(815301076,1909f56bfc062723c751e8b465ee728b)  -> (artifact id: 'a7cd6db030f6b1ddd51efc9225afcc6d') in 0.013936 seconds 
========================================================================
Received Import Request.
  Time since last request: 0.000251 seconds.
  path: Assets/Audio/project_intro music.wav
  artifactKey: Guid(da474e534f4a00b40a9c157675b4bd75) Importer(815301076,1909f56bfc062723c751e8b465ee728b)
Start importing Assets/Audio/project_intro music.wav using Guid(da474e534f4a00b40a9c157675b4bd75) Importer(815301076,1909f56bfc062723c751e8b465ee728b)  -> (artifact id: 'a101f8fc459e0649c420271c9320b178') in 0.013377 seconds 
========================================================================
Received Import Request.
  Time since last request: 0.000202 seconds.
  path: Assets/Audio/wind.wav
  artifactKey: Guid(37728e5cce0882f49a5029770f960624) Importer(815301076,1909f56bfc062723c751e8b465ee728b)
Start importing Assets/Audio/wind.wav using Guid(37728e5cce0882f49a5029770f960624) Importer(815301076,1909f56bfc062723c751e8b465ee728b)  -> (artifact id: '91399a7583c5ac4305e8fed884a33f9e') in 0.013184 seconds 
========================================================================
Received Import Request.
  Time since last request: 28.756140 seconds.
  path: Assets/Audio/new_first_music.wav
  artifactKey: Guid(7de3b42941954bc40978931c98924864) Importer(815301076,1909f56bfc062723c751e8b465ee728b)
Start importing Assets/Audio/new_first_music.wav using Guid(7de3b42941954bc40978931c98924864) Importer(815301076,1909f56bfc062723c751e8b465ee728b)  -> (artifact id: '35c0cbcd6d8d466c805d191ab24713ed') in 0.014981 seconds 
========================================================================
Received Import Request.
  Time since last request: 51.711435 seconds.
  path: Assets/Script/SCR_cube.cs
  artifactKey: Guid(857194b2610994d4e9a0414096136e6f) Importer(815301076,1909f56bfc062723c751e8b465ee728b)
Start importing Assets/Script/SCR_cube.cs using Guid(857194b2610994d4e9a0414096136e6f) Importer(815301076,1909f56bfc062723c751e8b465ee728b)  -> (artifact id: 'bf7f8c59d0ce074c81b97837788b6f66') in 0.011636 seconds 
========================================================================
Received Import Request.
  Time since last request: 2.167429 seconds.
  path: Assets/Script/SCR_player.cs
  artifactKey: Guid(f69fb90f1b68c6d4ba1f5f89f8b77525) Importer(815301076,1909f56bfc062723c751e8b465ee728b)
Start importing Assets/Script/SCR_player.cs using Guid(f69fb90f1b68c6d4ba1f5f89f8b77525) Importer(815301076,1909f56bfc062723c751e8b465ee728b)  -> (artifact id: '221b5b6358359bc62aa1ef1ac1f910d9') in 0.008034 seconds 
========================================================================
Received Prepare
Registering precompiled user dll's ...
Registered in 0.006233 seconds.
Begin MonoManager ReloadAssembly
Native extension for WindowsStandalone target not found
Refreshing native plugins compatible for Editor in 2.80 ms, found 2 plugins.
Preloading 0 native plugins for Editor in 0.00 ms.
Mono: successfully reloaded assembly
- Completed reload, in  3.313 seconds
Domain Reload Profiling:
	ReloadAssembly (3314ms)
		BeginReloadAssembly (264ms)
			ExecutionOrderSort (0ms)
			DisableScriptedObjects (10ms)
			BackupInstance (0ms)
			ReleaseScriptingObjects (1ms)
			CreateAndSetChildDomain (105ms)
		EndReloadAssembly (2787ms)
			LoadAssemblies (263ms)
			RebuildTransferFunctionScriptingTraits (0ms)
			SetupTypeCache (1667ms)
			ReleaseScriptCaches (2ms)
			RebuildScriptCaches (79ms)
			SetupLoadedEditorAssemblies (559ms)
				LogAssemblyErrors (0ms)
				InitializePlatformSupportModulesInManaged (9ms)
				SetLoadedEditorAssemblies (1ms)
				RefreshPlugins (3ms)
				BeforeProcessingInitializeOnLoad (157ms)
				ProcessInitializeOnLoadAttributes (347ms)
				ProcessInitializeOnLoadMethodAttributes (25ms)
				AfterProcessingInitializeOnLoad (15ms)
				EditorAssembliesLoaded (1ms)
			ExecutionOrderSort2 (0ms)
			AwakeInstancesAfterBackupRestoration (9ms)
Platform modules already initialized, skipping
Switching build target platform(19) subTarget(0) extendedPlatform(0) -> platform(13) subTarget(537395200) extendedPlatform(0)
Refreshing native plugins compatible for Editor in 0.59 ms, found 2 plugins.
Preloading 0 native plugins for Editor in 0.00 ms.
Unloading 2538 Unused Serialized files (Serialized files now loaded: 0)
System memory in use before: 118.7 MB.
System memory in use after: 119.0 MB.

Unloading 14 unused Assets to reduce memory usage. Loaded Objects now: 3118.
Total: 3.598800 ms (FindLiveObjects: 0.279900 ms CreateObjectMapping: 0.077200 ms MarkObjects: 3.209800 ms  DeleteObjects: 0.030300 ms)

AssetImportParameters requested are different than current active one (requested -> active):
  custom:framework-win-MediaFoundation: 216162199b28c13a410421893ffa2e32 -> 
  custom:video-decoder-ogg-theora: a1e56fd34408186e4bbccfd4996cb3dc -> 
  custom:container-muxer-webm: aa71ff27fc2769a1b78a27578f13a17b -> 
  custom:container-demuxer-webm: 4f35f7cbe854078d1ac9338744f61a02 -> 
  custom:container-demuxer-ogg: 62fdf1f143b41e24485cea50d1cbac27 -> 
  custom:video-encoder-webm-vp8: eb34c28f22e8b96e1ab97ce403110664 -> 
  custom:video-decoder-webm-vp8: 9c59270c3fd7afecdb556c50c9e8de78 -> 
  custom:graphics/normal-map-encoding: 01000000000000000000000000000000 -> 02000000000000000000000000000000
  custom:audio-decoder-ogg-vorbis: bf7c407c2cedff20999df2af8eb42d56 -> 
  custom:audio-encoder-webm-vorbis: bf7c407c2cedff20999df2af8eb42d56 -> 
========================================================================
Received Prepare
Refreshing native plugins compatible for Editor in 5.42 ms, found 2 plugins.
Preloading 0 native plugins for Editor in 0.00 ms.
Unloading 12 Unused Serialized files (Serialized files now loaded: 0)
System memory in use before: 69.1 MB.
System memory in use after: 69.3 MB.

Unloading 12 unused Assets to reduce memory usage. Loaded Objects now: 3118.
Total: 3.701500 ms (FindLiveObjects: 0.348600 ms CreateObjectMapping: 0.130400 ms MarkObjects: 3.192400 ms  DeleteObjects: 0.029100 ms)

AssetImportParameters requested are different than current active one (requested -> active):
  custom:framework-win-MediaFoundation: 216162199b28c13a410421893ffa2e32 -> 
  custom:video-decoder-ogg-theora: a1e56fd34408186e4bbccfd4996cb3dc -> 
  custom:container-muxer-webm: aa71ff27fc2769a1b78a27578f13a17b -> 
  custom:container-demuxer-webm: 4f35f7cbe854078d1ac9338744f61a02 -> 
  custom:container-demuxer-ogg: 62fdf1f143b41e24485cea50d1cbac27 -> 
  custom:video-encoder-webm-vp8: eb34c28f22e8b96e1ab97ce403110664 -> 
  custom:video-decoder-webm-vp8: 9c59270c3fd7afecdb556c50c9e8de78 -> 
  custom:audio-decoder-ogg-vorbis: bf7c407c2cedff20999df2af8eb42d56 -> 
  custom:audio-encoder-webm-vorbis: bf7c407c2cedff20999df2af8eb42d56 -> 
AssetImportWorkerClient::OnTransportError - code=2 error=End of file
